<?xml version="1.0" encoding="UTF-8"?>
<!-- Generated by org.testng.reporters.JUnitReportReporter -->
<testsuite hostname="Rakins-MacBook-Pro.local" failures="0" tests="1" name="Step.validation" time="0.046" errors="0" timestamp="24 Oct 2018 00:01:13 GMT">
  <testcase classname="Step.validation" name="basePageNavigation" time="0.046"/>
</testsuite> <!-- Step.validation -->
