<?xml version="1.0" encoding="UTF-8"?>
<!-- Generated by org.testng.reporters.JUnitReportReporter -->
<testsuite hostname="Rakins-MacBook-Pro.local" failures="0" tests="1" name="Academy.AppTest" time="0.000" errors="0" timestamp="23 Oct 2018 20:53:33 GMT" skipped="0">
  <testcase classname="Academy.AppTest" name="testApp" time="0.000"/>
</testsuite> <!-- Academy.AppTest -->
