<?xml version="1.0" encoding="UTF-8"?>
<!-- Generated by org.testng.reporters.JUnitReportReporter -->
<testsuite hostname="Rakins-MacBook-Pro.local" failures="0" tests="2" name="Step.Homepage" time="17.227" errors="0" timestamp="24 Oct 2018 00:01:13 GMT">
  <testcase classname="Step.Homepage" name="basePageNavigation" time="6.542"/>
  <testcase classname="Step.Homepage" name="basePageNavigation" time="10.685"/>
</testsuite> <!-- Step.Homepage -->
