<?xml version="1.0" encoding="UTF-8"?>
<!-- Generated by org.testng.reporters.JUnitReportReporter -->
<testsuite hostname="Rakins-MacBook-Pro.local" failures="0" tests="2" name="Step.Homepage" time="16.712" errors="0" timestamp="23 Oct 2018 23:09:46 GMT">
  <testcase classname="Step.Homepage" name="basePageNavigation" time="9.944"/>
  <testcase classname="Step.Homepage" name="basePageNavigation" time="6.768"/>
</testsuite> <!-- Step.Homepage -->
